TN:
SF:./palikka.js
FN:8,(anonymous_1)
FN:57,Eventizer
FN:78,(anonymous_3)
FN:99,(anonymous_4)
FN:142,(anonymous_5)
FN:150,(anonymous_6)
FN:183,Deferred
FN:225,(anonymous_8)
FN:230,(anonymous_9)
FN:248,(anonymous_10)
FN:263,(anonymous_11)
FN:279,(anonymous_12)
FN:293,(anonymous_13)
FN:298,(anonymous_14)
FN:324,(anonymous_15)
FN:350,(anonymous_16)
FN:367,(anonymous_17)
FN:390,(anonymous_18)
FN:407,(anonymous_19)
FN:430,(anonymous_20)
FN:447,(anonymous_21)
FN:460,(anonymous_22)
FN:507,(anonymous_23)
FN:529,resolveHandler
FN:544,rejectHandler
FN:560,isDeferred
FN:584,when
FN:596,(anonymous_28)
FN:600,(anonymous_29)
FN:644,Module
FN:665,(anonymous_31)
FN:681,(anonymous_32)
FN:688,(anonymous_33)
FN:699,(anonymous_34)
FN:708,(anonymous_35)
FN:741,(anonymous_36)
FN:773,defineSingle
FN:793,sanitizeDependencies
FN:809,loadDependencies
FN:814,(anonymous_40)
FN:829,(anonymous_41)
FN:841,(anonymous_42)
FN:873,typeOf
FN:902,copyArray
FN:923,arrayEach
FN:991,(anonymous_46)
FN:998,(anonymous_47)
FN:1022,(anonymous_48)
FN:1029,(anonymous_49)
FN:1055,(anonymous_50)
FN:1059,(anonymous_51)
FN:1077,(anonymous_52)
FNF:52
FNH:50
FNDA:1,(anonymous_1)
FNDA:4,Eventizer
FNDA:67,(anonymous_3)
FNDA:42,(anonymous_4)
FNDA:172,(anonymous_5)
FNDA:41,(anonymous_6)
FNDA:32,Deferred
FNDA:2,(anonymous_8)
FNDA:2,(anonymous_9)
FNDA:57,(anonymous_10)
FNDA:56,(anonymous_11)
FNDA:18,(anonymous_12)
FNDA:0,(anonymous_13)
FNDA:0,(anonymous_14)
FNDA:8,(anonymous_15)
FNDA:36,(anonymous_16)
FNDA:12,(anonymous_17)
FNDA:35,(anonymous_18)
FNDA:10,(anonymous_19)
FNDA:30,(anonymous_20)
FNDA:6,(anonymous_21)
FNDA:4,(anonymous_22)
FNDA:5,(anonymous_23)
FNDA:18,resolveHandler
FNDA:8,rejectHandler
FNDA:251,isDeferred
FNDA:7,when
FNDA:22,(anonymous_28)
FNDA:22,(anonymous_29)
FNDA:32,Module
FNDA:32,(anonymous_31)
FNDA:32,(anonymous_32)
FNDA:32,(anonymous_33)
FNDA:6,(anonymous_34)
FNDA:17,(anonymous_35)
FNDA:32,(anonymous_36)
FNDA:35,defineSingle
FNDA:18,sanitizeDependencies
FNDA:37,loadDependencies
FNDA:26,(anonymous_40)
FNDA:26,(anonymous_41)
FNDA:17,(anonymous_42)
FNDA:551,typeOf
FNDA:61,copyArray
FNDA:104,arrayEach
FNDA:28,(anonymous_46)
FNDA:35,(anonymous_47)
FNDA:4,(anonymous_48)
FNDA:5,(anonymous_49)
FNDA:6,(anonymous_50)
FNDA:5,(anonymous_51)
FNDA:2,(anonymous_52)
DA:8,1
DA:12,1
DA:57,1
DA:65,4
DA:78,1
DA:80,67
DA:83,67
DA:84,67
DA:86,67
DA:99,1
DA:101,42
DA:106,42
DA:108,42
DA:110,42
DA:112,85
DA:114,46
DA:120,42
DA:122,21
DA:128,42
DA:142,1
DA:144,172
DA:148,172
DA:150,20
DA:152,41
DA:154,41
DA:158,41
DA:159,41
DA:167,172
DA:183,1
DA:185,32
DA:195,32
DA:203,32
DA:211,32
DA:219,32
DA:222,32
DA:224,6
DA:227,2
DA:232,2
DA:248,1
DA:250,57
DA:252,57
DA:263,1
DA:265,56
DA:267,56
DA:279,1
DA:281,18
DA:284,18
DA:286,18
DA:288,18
DA:290,18
DA:292,0
DA:295,0
DA:300,0
DA:307,18
DA:313,18
DA:324,1
DA:326,8
DA:329,8
DA:331,8
DA:333,8
DA:334,8
DA:338,8
DA:350,1
DA:352,36
DA:355,36
DA:357,36
DA:359,36
DA:361,11
DA:365,36
DA:367,21
DA:369,12
DA:370,12
DA:378,36
DA:390,1
DA:392,35
DA:395,35
DA:397,35
DA:399,35
DA:401,4
DA:405,35
DA:407,22
DA:409,10
DA:410,10
DA:418,35
DA:430,1
DA:432,30
DA:434,30
DA:447,1
DA:449,6
DA:451,6
DA:460,6
DA:462,4
DA:463,4
DA:464,4
DA:465,4
DA:471,4
DA:473,4
DA:475,4
DA:479,0
DA:487,0
DA:493,6
DA:507,1
DA:509,5
DA:510,5
DA:511,5
DA:513,5
DA:529,1
DA:531,18
DA:532,18
DA:533,18
DA:544,1
DA:546,8
DA:547,8
DA:548,8
DA:560,1
DA:562,251
DA:565,251
DA:567,0
DA:571,251
DA:584,1
DA:586,7
DA:587,7
DA:588,7
DA:590,7
DA:596,7
DA:598,22
DA:600,22
DA:602,22
DA:604,16
DA:605,16
DA:606,16
DA:608,16
DA:610,3
DA:614,16
DA:616,4
DA:626,7
DA:644,1
DA:646,32
DA:650,32
DA:651,32
DA:652,32
DA:653,32
DA:654,32
DA:655,32
DA:658,32
DA:661,32
DA:662,32
DA:665,32
DA:667,32
DA:681,1
DA:683,32
DA:690,32
DA:694,32
DA:696,28
DA:701,6
DA:703,6
DA:708,28
DA:710,17
DA:714,28
DA:716,28
DA:718,22
DA:725,4
DA:729,32
DA:741,1
DA:743,32
DA:746,32
DA:748,32
DA:749,32
DA:750,32
DA:751,32
DA:755,32
DA:773,1
DA:775,35
DA:782,35
DA:793,1
DA:795,18
DA:798,18
DA:809,1
DA:811,37
DA:816,26
DA:817,26
DA:818,26
DA:819,26
DA:821,17
DA:827,37
DA:829,17
DA:831,26
DA:834,26
DA:836,9
DA:841,17
DA:843,17
DA:844,17
DA:854,20
DA:873,1
DA:875,551
DA:882,551
DA:885,551
DA:887,0
DA:891,551
DA:902,1
DA:904,61
DA:907,61
DA:923,1
DA:925,104
DA:927,104
DA:929,146
DA:935,104
DA:950,1
DA:956,1
DA:962,1
DA:968,1
DA:974,1
DA:980,1
DA:991,1
DA:993,28
DA:996,28
DA:998,28
DA:1000,35
DA:1003,35
DA:1005,32
DA:1011,28
DA:1022,1
DA:1024,4
DA:1027,4
DA:1029,4
DA:1031,5
DA:1035,5
DA:1037,3
DA:1038,3
DA:1044,4
DA:1055,1
DA:1057,6
DA:1059,5
DA:1061,5
DA:1077,1
DA:1079,2
DA:1082,2
DA:1084,1
DA:1085,1
DA:1086,1
DA:1087,1
DA:1089,1
DA:1094,1
DA:1106,1
DA:1112,1
DA:1114,0
DA:1117,1
DA:1119,0
DA:1124,1
LF:249
LH:240
BRDA:65,1,0,4
BRDA:65,1,1,4
BRDA:83,2,0,67
BRDA:83,2,1,29
BRDA:106,3,0,42
BRDA:106,3,1,0
BRDA:112,4,0,46
BRDA:112,4,1,39
BRDA:112,5,0,85
BRDA:112,5,1,80
BRDA:112,5,2,80
BRDA:120,6,0,21
BRDA:120,6,1,21
BRDA:148,7,0,20
BRDA:148,7,1,152
BRDA:152,8,0,41
BRDA:152,8,1,0
BRDA:156,9,0,40
BRDA:156,9,1,1
BRDA:222,10,0,6
BRDA:222,10,1,26
BRDA:286,11,0,18
BRDA:286,11,1,0
BRDA:286,12,0,18
BRDA:286,12,1,18
BRDA:290,13,0,0
BRDA:290,13,1,18
BRDA:331,14,0,8
BRDA:331,14,1,0
BRDA:331,15,0,8
BRDA:331,15,1,8
BRDA:357,16,0,36
BRDA:357,16,1,0
BRDA:359,17,0,11
BRDA:359,17,1,25
BRDA:365,18,0,21
BRDA:365,18,1,15
BRDA:397,19,0,35
BRDA:397,19,1,0
BRDA:399,20,0,4
BRDA:399,20,1,31
BRDA:405,21,0,22
BRDA:405,21,1,13
BRDA:463,22,0,2
BRDA:463,22,1,2
BRDA:463,23,0,4
BRDA:463,23,1,2
BRDA:464,24,0,2
BRDA:464,24,1,2
BRDA:464,25,0,4
BRDA:464,25,1,2
BRDA:465,26,0,4
BRDA:465,26,1,2
BRDA:465,26,2,0
BRDA:471,27,0,4
BRDA:471,27,1,0
BRDA:471,28,0,4
BRDA:471,28,1,0
BRDA:475,29,0,4
BRDA:475,29,1,0
BRDA:510,30,0,4
BRDA:510,30,1,1
BRDA:565,31,0,0
BRDA:565,31,1,251
BRDA:565,32,0,251
BRDA:565,32,1,251
BRDA:586,33,0,6
BRDA:586,33,1,1
BRDA:588,34,0,7
BRDA:588,34,1,2
BRDA:598,35,0,17
BRDA:598,35,1,5
BRDA:602,36,0,16
BRDA:602,36,1,6
BRDA:602,37,0,22
BRDA:602,37,1,16
BRDA:605,38,0,16
BRDA:605,38,1,14
BRDA:605,38,2,3
BRDA:608,39,0,3
BRDA:608,39,1,13
BRDA:608,40,0,16
BRDA:608,40,1,5
BRDA:608,40,2,3
BRDA:614,41,0,4
BRDA:614,41,1,12
BRDA:614,42,0,16
BRDA:614,42,1,11
BRDA:614,42,2,10
BRDA:616,43,0,1
BRDA:616,43,1,3
BRDA:690,44,0,32
BRDA:690,44,1,0
BRDA:694,45,0,28
BRDA:694,45,1,4
BRDA:716,46,0,22
BRDA:716,46,1,6
BRDA:746,47,0,32
BRDA:746,47,1,0
BRDA:746,48,0,32
BRDA:746,48,1,32
BRDA:777,49,0,13
BRDA:777,49,1,22
BRDA:778,50,0,13
BRDA:778,50,1,22
BRDA:780,51,0,35
BRDA:780,51,1,35
BRDA:780,51,2,35
BRDA:780,51,3,33
BRDA:780,51,4,29
BRDA:782,52,0,32
BRDA:782,52,1,3
BRDA:798,53,0,11
BRDA:798,53,1,7
BRDA:798,54,0,7
BRDA:798,54,1,0
BRDA:819,55,0,17
BRDA:819,55,1,9
BRDA:827,56,0,17
BRDA:827,56,1,20
BRDA:834,57,0,9
BRDA:834,57,1,17
BRDA:834,58,0,26
BRDA:834,58,1,10
BRDA:877,59,0,1
BRDA:877,59,1,550
BRDA:878,60,0,73
BRDA:878,60,1,477
BRDA:882,61,0,442
BRDA:882,61,1,109
BRDA:885,62,0,0
BRDA:885,62,1,551
BRDA:885,63,0,551
BRDA:885,63,1,0
BRDA:887,64,0,0
BRDA:887,64,1,0
BRDA:887,65,0,0
BRDA:887,65,1,0
BRDA:891,66,0,414
BRDA:891,66,1,137
BRDA:908,67,0,61
BRDA:908,67,1,0
BRDA:909,68,0,0
BRDA:909,68,1,0
BRDA:925,69,0,104
BRDA:925,69,1,0
BRDA:996,70,0,5
BRDA:996,70,1,23
BRDA:1003,71,0,32
BRDA:1003,71,1,3
BRDA:1027,72,0,1
BRDA:1027,72,1,3
BRDA:1033,73,0,5
BRDA:1033,73,1,4
BRDA:1035,74,0,3
BRDA:1035,74,1,2
BRDA:1035,75,0,5
BRDA:1035,75,1,4
BRDA:1057,76,0,5
BRDA:1057,76,1,1
BRDA:1082,77,0,1
BRDA:1082,77,1,1
BRDA:1112,78,0,0
BRDA:1112,78,1,1
BRDA:1112,79,0,1
BRDA:1112,79,1,0
BRDA:1117,80,0,0
BRDA:1117,80,1,1
BRF:168
BRH:140
end_of_record
