TN:
SF:./palikka.js
FN:8,(anonymous_1)
FN:37,(anonymous_2)
FN:56,(anonymous_3)
FN:58,(anonymous_4)
FN:86,(anonymous_5)
FN:107,(anonymous_6)
FN:115,(anonymous_7)
FN:128,(anonymous_8)
FN:138,(anonymous_9)
FN:153,(anonymous_10)
FN:182,(anonymous_11)
FN:200,(anonymous_12)
FN:206,(anonymous_13)
FN:221,(anonymous_14)
FN:226,(anonymous_15)
FN:273,(anonymous_16)
FN:301,(anonymous_17)
FN:336,typeOf
FN:350,Eventizer
FN:361,(anonymous_20)
FN:376,(anonymous_21)
FN:408,(anonymous_22)
FNF:22
FNH:22
FNDA:1,(anonymous_1)
FNDA:32,(anonymous_2)
FNDA:28,(anonymous_3)
FNDA:27,(anonymous_4)
FNDA:3,(anonymous_5)
FNDA:7,(anonymous_6)
FNDA:6,(anonymous_7)
FNDA:3,(anonymous_8)
FNDA:4,(anonymous_9)
FNDA:31,(anonymous_10)
FNDA:27,(anonymous_11)
FNDA:34,(anonymous_12)
FNDA:34,(anonymous_13)
FNDA:21,(anonymous_14)
FNDA:21,(anonymous_15)
FNDA:14,(anonymous_16)
FNDA:32,(anonymous_17)
FNDA:123,typeOf
FNDA:3,Eventizer
FNDA:22,(anonymous_20)
FNDA:15,(anonymous_21)
FNDA:129,(anonymous_22)
DA:8,1
DA:11,1
DA:20,1
DA:23,1
DA:26,1
DA:37,1
DA:39,32
DA:51,32
DA:52,4
DA:56,28
DA:58,28
DA:59,27
DA:62,28
DA:64,26
DA:65,26
DA:66,1
DA:70,2
DA:76,28
DA:86,1
DA:88,3
DA:92,3
DA:93,1
DA:96,3
DA:107,1
DA:109,7
DA:111,7
DA:112,1
DA:115,6
DA:116,6
DA:128,1
DA:130,3
DA:136,3
DA:137,5
DA:138,5
DA:139,4
DA:153,1
DA:155,31
DA:156,28
DA:157,28
DA:165,28
DA:166,28
DA:167,28
DA:169,3
DA:182,1
DA:184,27
DA:185,27
DA:186,27
DA:187,27
DA:188,27
DA:200,1
DA:202,34
DA:208,34
DA:209,12
DA:210,21
DA:214,34
DA:218,34
DA:220,12
DA:221,21
DA:223,21
DA:229,21
DA:230,11
DA:234,21
DA:237,21
DA:240,21
DA:241,12
DA:247,21
DA:248,10
DA:251,11
DA:260,22
DA:273,1
DA:275,14
DA:279,14
DA:280,1
DA:281,3
DA:285,13
DA:288,14
DA:301,1
DA:303,32
DA:308,32
DA:309,1
DA:310,1
DA:311,3
DA:312,3
DA:313,3
DA:314,2
DA:315,2
DA:318,1
DA:321,31
DA:324,32
DA:336,1
DA:338,123
DA:339,123
DA:340,123
DA:350,1
DA:352,3
DA:361,3
DA:363,22
DA:364,22
DA:365,22
DA:376,3
DA:378,15
DA:383,15
DA:385,15
DA:387,15
DA:388,24
DA:389,19
DA:393,15
DA:394,11
DA:408,3
DA:410,129
DA:415,129
DA:417,14
DA:419,14
DA:420,18
DA:421,18
DA:422,18
DA:423,18
DA:424,18
DA:438,1
DA:439,0
DA:441,1
DA:442,0
DA:445,1
LF:123
LH:121
BRDA:41,1,0,7
BRDA:41,1,1,25
BRDA:42,2,0,7
BRDA:42,2,1,25
BRDA:44,3,0,32
BRDA:44,3,1,32
BRDA:45,4,0,32
BRDA:45,4,1,30
BRDA:46,5,0,32
BRDA:46,5,1,32
BRDA:46,5,2,31
BRDA:51,6,0,4
BRDA:51,6,1,28
BRDA:62,7,0,26
BRDA:62,7,1,2
BRDA:64,8,0,7
BRDA:64,8,1,19
BRDA:65,9,0,1
BRDA:65,9,1,25
BRDA:90,10,0,3
BRDA:90,10,1,2
BRDA:92,11,0,1
BRDA:92,11,1,2
BRDA:92,12,0,3
BRDA:92,12,1,2
BRDA:111,13,0,1
BRDA:111,13,1,6
BRDA:132,14,0,2
BRDA:132,14,1,1
BRDA:132,15,0,1
BRDA:132,15,1,0
BRDA:134,16,0,3
BRDA:134,16,1,2
BRDA:137,17,0,5
BRDA:137,17,1,0
BRDA:155,18,0,28
BRDA:155,18,1,3
BRDA:184,19,0,27
BRDA:184,19,1,0
BRDA:184,20,0,27
BRDA:184,20,1,27
BRDA:184,20,2,27
BRDA:208,21,0,12
BRDA:208,21,1,22
BRDA:218,22,0,12
BRDA:218,22,1,22
BRDA:229,23,0,11
BRDA:229,23,1,10
BRDA:240,24,0,12
BRDA:240,24,1,9
BRDA:247,25,0,10
BRDA:247,25,1,11
BRDA:247,26,0,21
BRDA:247,26,1,13
BRDA:279,27,0,1
BRDA:279,27,1,13
BRDA:285,28,0,6
BRDA:285,28,1,7
BRDA:285,29,0,6
BRDA:285,29,1,1
BRDA:308,30,0,1
BRDA:308,30,1,31
BRDA:313,31,0,2
BRDA:313,31,1,1
BRDA:314,32,0,1
BRDA:314,32,1,1
BRDA:339,33,0,19
BRDA:339,33,1,104
BRDA:340,34,0,74
BRDA:340,34,1,49
BRDA:352,35,0,3
BRDA:352,35,1,3
BRDA:364,36,0,22
BRDA:364,36,1,14
BRDA:383,37,0,15
BRDA:383,37,1,0
BRDA:388,38,0,19
BRDA:388,38,1,5
BRDA:388,39,0,24
BRDA:388,39,1,18
BRDA:388,39,2,18
BRDA:393,40,0,11
BRDA:393,40,1,4
BRDA:415,41,0,14
BRDA:415,41,1,115
BRDA:421,42,0,18
BRDA:421,42,1,0
BRDA:422,43,0,18
BRDA:422,43,1,0
BRDA:438,44,0,0
BRDA:438,44,1,1
BRDA:438,45,0,1
BRDA:438,45,1,0
BRDA:441,46,0,0
BRDA:441,46,1,1
BRF:95
BRH:86
end_of_record
