TN:
SF:./palikka.js
FN:16,(anonymous_1)
FN:85,(anonymous_2)
FN:91,(anonymous_3)
FN:108,(anonymous_4)
FN:114,(anonymous_5)
FN:138,(anonymous_6)
FN:141,(anonymous_7)
FN:156,typeOf
FN:171,cloneArray
FN:185,arrayEach
FN:206,defineSingle
FN:226,(anonymous_12)
FN:228,(anonymous_13)
FN:237,(anonymous_14)
FN:243,(anonymous_15)
FN:274,sanitizeDependencies
FN:288,registerModule
FN:317,initModule
FN:336,loadDependencies
FN:342,(anonymous_20)
FN:344,(anonymous_21)
FN:354,(anonymous_22)
FN:358,(anonymous_23)
FN:413,Eventizer
FN:432,(anonymous_25)
FN:450,(anonymous_26)
FN:486,(anonymous_27)
FN:494,(anonymous_28)
FN:517,Deferred
FN:572,(anonymous_30)
FN:590,(anonymous_31)
FN:609,(anonymous_32)
FN:620,(anonymous_33)
FN:639,(anonymous_34)
FN:650,(anonymous_35)
FN:669,(anonymous_36)
FN:683,(anonymous_37)
FN:693,(anonymous_38)
FN:703,(anonymous_39)
FN:706,(anonymous_40)
FN:729,(anonymous_41)
FN:752,(anonymous_42)
FN:762,(anonymous_43)
FN:769,(anonymous_44)
FN:778,(anonymous_45)
FN:799,(anonymous_46)
FN:801,(anonymous_47)
FNF:47
FNH:41
FNDA:1,(anonymous_1)
FNDA:29,(anonymous_2)
FNDA:36,(anonymous_3)
FNDA:4,(anonymous_4)
FNDA:5,(anonymous_5)
FNDA:6,(anonymous_6)
FNDA:5,(anonymous_7)
FNDA:412,typeOf
FNDA:42,cloneArray
FNDA:138,arrayEach
FNDA:36,defineSingle
FNDA:33,(anonymous_12)
FNDA:33,(anonymous_13)
FNDA:6,(anonymous_14)
FNDA:17,(anonymous_15)
FNDA:18,sanitizeDependencies
FNDA:35,registerModule
FNDA:33,initModule
FNDA:38,loadDependencies
FNDA:38,(anonymous_20)
FNDA:26,(anonymous_21)
FNDA:26,(anonymous_22)
FNDA:26,(anonymous_23)
FNDA:10,Eventizer
FNDA:44,(anonymous_25)
FNDA:27,(anonymous_26)
FNDA:160,(anonymous_27)
FNDA:30,(anonymous_28)
FNDA:7,Deferred
FNDA:4,(anonymous_30)
FNDA:3,(anonymous_31)
FNDA:10,(anonymous_32)
FNDA:6,(anonymous_33)
FNDA:10,(anonymous_34)
FNDA:4,(anonymous_35)
FNDA:2,(anonymous_36)
FNDA:5,(anonymous_37)
FNDA:3,(anonymous_38)
FNDA:1,(anonymous_39)
FNDA:0,(anonymous_40)
FNDA:2,(anonymous_41)
FNDA:0,(anonymous_42)
FNDA:0,(anonymous_43)
FNDA:0,(anonymous_44)
FNDA:0,(anonymous_45)
FNDA:1,(anonymous_46)
FNDA:0,(anonymous_47)
DA:16,1
DA:19,1
DA:47,1
DA:56,1
DA:62,1
DA:68,1
DA:74,1
DA:85,1
DA:87,29
DA:89,29
DA:91,29
DA:92,36
DA:93,36
DA:94,33
DA:98,29
DA:108,1
DA:110,4
DA:112,4
DA:114,4
DA:116,5
DA:120,5
DA:121,3
DA:122,3
DA:127,4
DA:138,1
DA:140,6
DA:141,5
DA:142,5
DA:156,1
DA:158,412
DA:159,412
DA:160,412
DA:171,1
DA:173,42
DA:185,1
DA:187,138
DA:188,138
DA:189,140
DA:193,138
DA:206,1
DA:208,36
DA:222,36
DA:223,3
DA:226,33
DA:228,33
DA:229,33
DA:232,33
DA:234,29
DA:238,6
DA:239,6
DA:243,29
DA:244,17
DA:247,29
DA:249,29
DA:250,23
DA:256,4
DA:263,33
DA:274,1
DA:276,18
DA:277,18
DA:288,1
DA:290,35
DA:291,33
DA:292,33
DA:300,33
DA:301,33
DA:302,33
DA:304,2
DA:317,1
DA:319,33
DA:320,33
DA:321,33
DA:322,33
DA:323,33
DA:336,1
DA:338,38
DA:344,38
DA:345,26
DA:348,38
DA:352,38
DA:354,17
DA:356,26
DA:361,26
DA:362,13
DA:366,26
DA:369,26
DA:372,26
DA:373,17
DA:379,26
DA:380,13
DA:383,13
DA:391,21
DA:413,1
DA:422,10
DA:432,10
DA:434,44
DA:435,44
DA:436,44
DA:438,44
DA:450,10
DA:452,27
DA:457,27
DA:459,27
DA:461,27
DA:462,43
DA:463,31
DA:467,27
DA:468,18
DA:473,27
DA:486,10
DA:488,160
DA:493,160
DA:494,21
DA:495,30
DA:496,30
DA:497,30
DA:498,30
DA:499,30
DA:500,30
DA:505,160
DA:517,1
DA:519,7
DA:546,7
DA:555,7
DA:564,7
DA:572,7
DA:574,4
DA:575,4
DA:576,4
DA:577,4
DA:580,4
DA:590,7
DA:592,3
DA:593,3
DA:594,3
DA:595,3
DA:598,3
DA:609,7
DA:611,10
DA:613,10
DA:615,10
DA:616,0
DA:619,10
DA:620,10
DA:621,6
DA:622,6
DA:628,10
DA:639,7
DA:641,10
DA:643,10
DA:645,10
DA:646,0
DA:649,10
DA:650,10
DA:651,4
DA:652,4
DA:658,10
DA:669,7
DA:671,2
DA:683,7
DA:685,5
DA:690,5
DA:691,5
DA:693,5
DA:695,3
DA:697,3
DA:699,3
DA:701,2
DA:702,1
DA:704,1
DA:707,0
DA:711,1
DA:717,0
DA:723,1
DA:729,5
DA:731,2
DA:732,2
DA:735,2
DA:739,5
DA:752,7
DA:754,0
DA:755,0
DA:757,0
DA:763,0
DA:764,0
DA:765,0
DA:766,0
DA:770,0
DA:771,0
DA:772,0
DA:773,0
DA:777,0
DA:778,0
DA:779,0
DA:780,0
DA:781,0
DA:786,0
DA:791,0
DA:794,0
DA:798,7
DA:799,1
DA:800,1
DA:802,0
DA:812,1
DA:813,0
DA:815,1
DA:816,0
DA:819,1
LF:208
LH:182
BRDA:87,1,0,5
BRDA:87,1,1,24
BRDA:93,2,0,33
BRDA:93,2,1,3
BRDA:110,3,0,1
BRDA:110,3,1,3
BRDA:118,4,0,5
BRDA:118,4,1,4
BRDA:120,5,0,3
BRDA:120,5,1,2
BRDA:120,6,0,5
BRDA:120,6,1,4
BRDA:140,7,0,5
BRDA:140,7,1,1
BRDA:159,8,0,70
BRDA:159,8,1,342
BRDA:160,9,0,307
BRDA:160,9,1,105
BRDA:173,10,0,35
BRDA:173,10,1,7
BRDA:187,11,0,138
BRDA:187,11,1,0
BRDA:210,12,0,13
BRDA:210,12,1,23
BRDA:211,13,0,13
BRDA:211,13,1,23
BRDA:213,14,0,36
BRDA:213,14,1,36
BRDA:214,15,0,36
BRDA:214,15,1,32
BRDA:215,16,0,36
BRDA:215,16,1,36
BRDA:215,16,2,35
BRDA:222,17,0,3
BRDA:222,17,1,33
BRDA:229,18,0,33
BRDA:229,18,1,0
BRDA:232,19,0,29
BRDA:232,19,1,4
BRDA:249,20,0,23
BRDA:249,20,1,6
BRDA:277,21,0,11
BRDA:277,21,1,7
BRDA:277,22,0,7
BRDA:277,22,1,0
BRDA:290,23,0,33
BRDA:290,23,1,2
BRDA:319,24,0,33
BRDA:319,24,1,0
BRDA:319,25,0,33
BRDA:319,25,1,33
BRDA:319,25,2,33
BRDA:352,26,0,17
BRDA:352,26,1,21
BRDA:361,27,0,13
BRDA:361,27,1,13
BRDA:372,28,0,17
BRDA:372,28,1,9
BRDA:379,29,0,13
BRDA:379,29,1,13
BRDA:379,30,0,26
BRDA:379,30,1,14
BRDA:422,31,0,10
BRDA:422,31,1,10
BRDA:435,32,0,44
BRDA:435,32,1,28
BRDA:457,33,0,27
BRDA:457,33,1,0
BRDA:462,34,0,31
BRDA:462,34,1,12
BRDA:462,35,0,43
BRDA:462,35,1,37
BRDA:462,35,2,37
BRDA:467,36,0,18
BRDA:467,36,1,9
BRDA:493,37,0,21
BRDA:493,37,1,139
BRDA:495,38,0,30
BRDA:495,38,1,0
BRDA:497,39,0,30
BRDA:497,39,1,0
BRDA:497,40,0,30
BRDA:497,40,1,0
BRDA:499,41,0,20
BRDA:499,41,1,10
BRDA:574,42,0,4
BRDA:574,42,1,0
BRDA:592,43,0,3
BRDA:592,43,1,0
BRDA:613,44,0,10
BRDA:613,44,1,0
BRDA:615,45,0,0
BRDA:615,45,1,10
BRDA:619,46,0,10
BRDA:619,46,1,0
BRDA:643,47,0,10
BRDA:643,47,1,0
BRDA:645,48,0,0
BRDA:645,48,1,10
BRDA:649,49,0,10
BRDA:649,49,1,0
BRDA:697,50,0,3
BRDA:697,50,1,0
BRDA:701,51,0,1
BRDA:701,51,1,1
BRDA:731,52,0,2
BRDA:731,52,1,0
BRDA:754,53,0,0
BRDA:754,53,1,0
BRDA:764,54,0,0
BRDA:764,54,1,0
BRDA:765,55,0,0
BRDA:765,55,1,0
BRDA:765,56,0,0
BRDA:765,56,1,0
BRDA:771,57,0,0
BRDA:771,57,1,0
BRDA:772,58,0,0
BRDA:772,58,1,0
BRDA:772,59,0,0
BRDA:772,59,1,0
BRDA:772,59,2,0
BRDA:777,60,0,0
BRDA:777,60,1,0
BRDA:780,61,0,0
BRDA:780,61,1,0
BRDA:798,62,0,1
BRDA:798,62,1,6
BRDA:812,63,0,0
BRDA:812,63,1,1
BRDA:812,64,0,1
BRDA:812,64,1,0
BRDA:815,65,0,0
BRDA:815,65,1,1
BRF:134
BRH:94
end_of_record
